Performing C SOURCE FILE Test CMAKE_HAVE_LIBC_PTHREAD failed with the following output:
Change Dir: /home/corelab/ros2_stereo/build/image_view/CMakeFiles/CMakeScratch/TryCompile-QV02KJ

Run Build Command(s):/usr/bin/make -f Makefile cmTC_8ece3/fast && /usr/bin/make  -f CMakeFiles/cmTC_8ece3.dir/build.make CMakeFiles/cmTC_8ece3.dir/build
make[1]: Entering directory '/home/corelab/ros2_stereo/build/image_view/CMakeFiles/CMakeScratch/TryCompile-QV02KJ'
Building C object CMakeFiles/cmTC_8ece3.dir/src.c.o
/usr/bin/cc -DCMAKE_HAVE_LIBC_PTHREAD   -o CMakeFiles/cmTC_8ece3.dir/src.c.o -c /home/corelab/ros2_stereo/build/image_view/CMakeFiles/CMakeScratch/TryCompile-QV02KJ/src.c
Linking C executable cmTC_8ece3
/home/corelab/.local/lib/python3.8/site-packages/cmake/data/bin/cmake -E cmake_link_script CMakeFiles/cmTC_8ece3.dir/link.txt --verbose=1
/usr/bin/cc CMakeFiles/cmTC_8ece3.dir/src.c.o -o cmTC_8ece3 
/usr/bin/ld: CMakeFiles/cmTC_8ece3.dir/src.c.o: in function `main':
src.c:(.text+0x46): undefined reference to `pthread_create'
/usr/bin/ld: src.c:(.text+0x52): undefined reference to `pthread_detach'
/usr/bin/ld: src.c:(.text+0x5e): undefined reference to `pthread_cancel'
/usr/bin/ld: src.c:(.text+0x6f): undefined reference to `pthread_join'
collect2: error: ld returned 1 exit status
make[1]: *** [CMakeFiles/cmTC_8ece3.dir/build.make:99: cmTC_8ece3] Error 1
make[1]: Leaving directory '/home/corelab/ros2_stereo/build/image_view/CMakeFiles/CMakeScratch/TryCompile-QV02KJ'
make: *** [Makefile:127: cmTC_8ece3/fast] Error 2


Source file was:
#include <pthread.h>

static void* test_func(void* data)
{
  return data;
}

int main(void)
{
  pthread_t thread;
  pthread_create(&thread, NULL, test_func, NULL);
  pthread_detach(thread);
  pthread_cancel(thread);
  pthread_join(thread, NULL);
  pthread_atfork(NULL, NULL, NULL);
  pthread_exit(NULL);

  return 0;
}


Determining if the function pthread_create exists in the pthreads failed with the following output:
Change Dir: /home/corelab/ros2_stereo/build/image_view/CMakeFiles/CMakeScratch/TryCompile-8s9yeJ

Run Build Command(s):/usr/bin/make -f Makefile cmTC_d1e9d/fast && /usr/bin/make  -f CMakeFiles/cmTC_d1e9d.dir/build.make CMakeFiles/cmTC_d1e9d.dir/build
make[1]: Entering directory '/home/corelab/ros2_stereo/build/image_view/CMakeFiles/CMakeScratch/TryCompile-8s9yeJ'
Building C object CMakeFiles/cmTC_d1e9d.dir/CheckFunctionExists.c.o
/usr/bin/cc   -DCHECK_FUNCTION_EXISTS=pthread_create -o CMakeFiles/cmTC_d1e9d.dir/CheckFunctionExists.c.o -c /home/corelab/ros2_stereo/build/image_view/CMakeFiles/CMakeScratch/TryCompile-8s9yeJ/CheckFunctionExists.c
Linking C executable cmTC_d1e9d
/home/corelab/.local/lib/python3.8/site-packages/cmake/data/bin/cmake -E cmake_link_script CMakeFiles/cmTC_d1e9d.dir/link.txt --verbose=1
/usr/bin/cc  -DCHECK_FUNCTION_EXISTS=pthread_create CMakeFiles/cmTC_d1e9d.dir/CheckFunctionExists.c.o -o cmTC_d1e9d  -lpthreads 
/usr/bin/ld: cannot find -lpthreads
collect2: error: ld returned 1 exit status
make[1]: *** [CMakeFiles/cmTC_d1e9d.dir/build.make:99: cmTC_d1e9d] Error 1
make[1]: Leaving directory '/home/corelab/ros2_stereo/build/image_view/CMakeFiles/CMakeScratch/TryCompile-8s9yeJ'
make: *** [Makefile:127: cmTC_d1e9d/fast] Error 2



