Performing C SOURCE FILE Test CMAKE_HAVE_LIBC_PTHREAD failed with the following output:
Change Dir: /home/corelab/ros2_stereo/src/image_proc/build/CMakeFiles/CMakeScratch/TryCompile-tDTJV4

Run Build Command(s):/usr/bin/make -f Makefile cmTC_1857a/fast && /usr/bin/make  -f CMakeFiles/cmTC_1857a.dir/build.make CMakeFiles/cmTC_1857a.dir/build
make[1]: Entering directory '/home/corelab/ros2_stereo/src/image_proc/build/CMakeFiles/CMakeScratch/TryCompile-tDTJV4'
Building C object CMakeFiles/cmTC_1857a.dir/src.c.o
/usr/bin/gcc -DCMAKE_HAVE_LIBC_PTHREAD   -o CMakeFiles/cmTC_1857a.dir/src.c.o -c /home/corelab/ros2_stereo/src/image_proc/build/CMakeFiles/CMakeScratch/TryCompile-tDTJV4/src.c
Linking C executable cmTC_1857a
/home/corelab/.local/lib/python3.8/site-packages/cmake/data/bin/cmake -E cmake_link_script CMakeFiles/cmTC_1857a.dir/link.txt --verbose=1
/usr/bin/gcc CMakeFiles/cmTC_1857a.dir/src.c.o -o cmTC_1857a 
/usr/bin/ld: CMakeFiles/cmTC_1857a.dir/src.c.o: in function `main':
src.c:(.text+0x46): undefined reference to `pthread_create'
/usr/bin/ld: src.c:(.text+0x52): undefined reference to `pthread_detach'
/usr/bin/ld: src.c:(.text+0x5e): undefined reference to `pthread_cancel'
/usr/bin/ld: src.c:(.text+0x6f): undefined reference to `pthread_join'
collect2: error: ld returned 1 exit status
make[1]: *** [CMakeFiles/cmTC_1857a.dir/build.make:99: cmTC_1857a] Error 1
make[1]: Leaving directory '/home/corelab/ros2_stereo/src/image_proc/build/CMakeFiles/CMakeScratch/TryCompile-tDTJV4'
make: *** [Makefile:127: cmTC_1857a/fast] Error 2


Source file was:
#include <pthread.h>

static void* test_func(void* data)
{
  return data;
}

int main(void)
{
  pthread_t thread;
  pthread_create(&thread, NULL, test_func, NULL);
  pthread_detach(thread);
  pthread_cancel(thread);
  pthread_join(thread, NULL);
  pthread_atfork(NULL, NULL, NULL);
  pthread_exit(NULL);

  return 0;
}


Determining if the function pthread_create exists in the pthreads failed with the following output:
Change Dir: /home/corelab/ros2_stereo/src/image_proc/build/CMakeFiles/CMakeScratch/TryCompile-CVyYs5

Run Build Command(s):/usr/bin/make -f Makefile cmTC_26184/fast && /usr/bin/make  -f CMakeFiles/cmTC_26184.dir/build.make CMakeFiles/cmTC_26184.dir/build
make[1]: Entering directory '/home/corelab/ros2_stereo/src/image_proc/build/CMakeFiles/CMakeScratch/TryCompile-CVyYs5'
Building C object CMakeFiles/cmTC_26184.dir/CheckFunctionExists.c.o
/usr/bin/gcc   -DCHECK_FUNCTION_EXISTS=pthread_create -o CMakeFiles/cmTC_26184.dir/CheckFunctionExists.c.o -c /home/corelab/ros2_stereo/src/image_proc/build/CMakeFiles/CMakeScratch/TryCompile-CVyYs5/CheckFunctionExists.c
Linking C executable cmTC_26184
/home/corelab/.local/lib/python3.8/site-packages/cmake/data/bin/cmake -E cmake_link_script CMakeFiles/cmTC_26184.dir/link.txt --verbose=1
/usr/bin/gcc  -DCHECK_FUNCTION_EXISTS=pthread_create CMakeFiles/cmTC_26184.dir/CheckFunctionExists.c.o -o cmTC_26184  -lpthreads 
/usr/bin/ld: cannot find -lpthreads
collect2: error: ld returned 1 exit status
make[1]: *** [CMakeFiles/cmTC_26184.dir/build.make:99: cmTC_26184] Error 1
make[1]: Leaving directory '/home/corelab/ros2_stereo/src/image_proc/build/CMakeFiles/CMakeScratch/TryCompile-CVyYs5'
make: *** [Makefile:127: cmTC_26184/fast] Error 2



