Performing C SOURCE FILE Test CMAKE_HAVE_LIBC_PTHREAD failed with the following output:
Change Dir: /home/corelab/ros2_stereo/build/ros2_shared/CMakeFiles/CMakeScratch/TryCompile-bonWkX

Run Build Command(s):/usr/bin/make -f Makefile cmTC_62b09/fast && /usr/bin/make  -f CMakeFiles/cmTC_62b09.dir/build.make CMakeFiles/cmTC_62b09.dir/build
make[1]: Entering directory '/home/corelab/ros2_stereo/build/ros2_shared/CMakeFiles/CMakeScratch/TryCompile-bonWkX'
Building C object CMakeFiles/cmTC_62b09.dir/src.c.o
/usr/bin/cc -DCMAKE_HAVE_LIBC_PTHREAD  -std=gnu99 -o CMakeFiles/cmTC_62b09.dir/src.c.o -c /home/corelab/ros2_stereo/build/ros2_shared/CMakeFiles/CMakeScratch/TryCompile-bonWkX/src.c
Linking C executable cmTC_62b09
/home/corelab/.local/lib/python3.8/site-packages/cmake/data/bin/cmake -E cmake_link_script CMakeFiles/cmTC_62b09.dir/link.txt --verbose=1
/usr/bin/cc CMakeFiles/cmTC_62b09.dir/src.c.o -o cmTC_62b09 
/usr/bin/ld: CMakeFiles/cmTC_62b09.dir/src.c.o: in function `main':
src.c:(.text+0x46): undefined reference to `pthread_create'
/usr/bin/ld: src.c:(.text+0x52): undefined reference to `pthread_detach'
/usr/bin/ld: src.c:(.text+0x5e): undefined reference to `pthread_cancel'
/usr/bin/ld: src.c:(.text+0x6f): undefined reference to `pthread_join'
collect2: error: ld returned 1 exit status
make[1]: *** [CMakeFiles/cmTC_62b09.dir/build.make:99: cmTC_62b09] Error 1
make[1]: Leaving directory '/home/corelab/ros2_stereo/build/ros2_shared/CMakeFiles/CMakeScratch/TryCompile-bonWkX'
make: *** [Makefile:127: cmTC_62b09/fast] Error 2


Source file was:
#include <pthread.h>

static void* test_func(void* data)
{
  return data;
}

int main(void)
{
  pthread_t thread;
  pthread_create(&thread, NULL, test_func, NULL);
  pthread_detach(thread);
  pthread_cancel(thread);
  pthread_join(thread, NULL);
  pthread_atfork(NULL, NULL, NULL);
  pthread_exit(NULL);

  return 0;
}


Determining if the function pthread_create exists in the pthreads failed with the following output:
Change Dir: /home/corelab/ros2_stereo/build/ros2_shared/CMakeFiles/CMakeScratch/TryCompile-vs0uRU

Run Build Command(s):/usr/bin/make -f Makefile cmTC_75b2b/fast && /usr/bin/make  -f CMakeFiles/cmTC_75b2b.dir/build.make CMakeFiles/cmTC_75b2b.dir/build
make[1]: Entering directory '/home/corelab/ros2_stereo/build/ros2_shared/CMakeFiles/CMakeScratch/TryCompile-vs0uRU'
Building C object CMakeFiles/cmTC_75b2b.dir/CheckFunctionExists.c.o
/usr/bin/cc   -DCHECK_FUNCTION_EXISTS=pthread_create -std=gnu99 -o CMakeFiles/cmTC_75b2b.dir/CheckFunctionExists.c.o -c /home/corelab/ros2_stereo/build/ros2_shared/CMakeFiles/CMakeScratch/TryCompile-vs0uRU/CheckFunctionExists.c
Linking C executable cmTC_75b2b
/home/corelab/.local/lib/python3.8/site-packages/cmake/data/bin/cmake -E cmake_link_script CMakeFiles/cmTC_75b2b.dir/link.txt --verbose=1
/usr/bin/cc  -DCHECK_FUNCTION_EXISTS=pthread_create CMakeFiles/cmTC_75b2b.dir/CheckFunctionExists.c.o -o cmTC_75b2b  -lpthreads 
/usr/bin/ld: cannot find -lpthreads
collect2: error: ld returned 1 exit status
make[1]: *** [CMakeFiles/cmTC_75b2b.dir/build.make:99: cmTC_75b2b] Error 1
make[1]: Leaving directory '/home/corelab/ros2_stereo/build/ros2_shared/CMakeFiles/CMakeScratch/TryCompile-vs0uRU'
make: *** [Makefile:127: cmTC_75b2b/fast] Error 2



