Performing C SOURCE FILE Test CMAKE_HAVE_LIBC_PTHREAD failed with the following output:
Change Dir: /home/corelab/ros2_stereo/build/stereo_image_proc/CMakeFiles/CMakeScratch/TryCompile-0dKhjv

Run Build Command(s):/usr/bin/make -f Makefile cmTC_d03d3/fast && /usr/bin/make  -f CMakeFiles/cmTC_d03d3.dir/build.make CMakeFiles/cmTC_d03d3.dir/build
make[1]: Entering directory '/home/corelab/ros2_stereo/build/stereo_image_proc/CMakeFiles/CMakeScratch/TryCompile-0dKhjv'
Building C object CMakeFiles/cmTC_d03d3.dir/src.c.o
/usr/bin/cc -DCMAKE_HAVE_LIBC_PTHREAD   -o CMakeFiles/cmTC_d03d3.dir/src.c.o -c /home/corelab/ros2_stereo/build/stereo_image_proc/CMakeFiles/CMakeScratch/TryCompile-0dKhjv/src.c
Linking C executable cmTC_d03d3
/home/corelab/.local/lib/python3.8/site-packages/cmake/data/bin/cmake -E cmake_link_script CMakeFiles/cmTC_d03d3.dir/link.txt --verbose=1
/usr/bin/cc CMakeFiles/cmTC_d03d3.dir/src.c.o -o cmTC_d03d3 
/usr/bin/ld: CMakeFiles/cmTC_d03d3.dir/src.c.o: in function `main':
src.c:(.text+0x46): undefined reference to `pthread_create'
/usr/bin/ld: src.c:(.text+0x52): undefined reference to `pthread_detach'
/usr/bin/ld: src.c:(.text+0x5e): undefined reference to `pthread_cancel'
/usr/bin/ld: src.c:(.text+0x6f): undefined reference to `pthread_join'
collect2: error: ld returned 1 exit status
make[1]: *** [CMakeFiles/cmTC_d03d3.dir/build.make:99: cmTC_d03d3] Error 1
make[1]: Leaving directory '/home/corelab/ros2_stereo/build/stereo_image_proc/CMakeFiles/CMakeScratch/TryCompile-0dKhjv'
make: *** [Makefile:127: cmTC_d03d3/fast] Error 2


Source file was:
#include <pthread.h>

static void* test_func(void* data)
{
  return data;
}

int main(void)
{
  pthread_t thread;
  pthread_create(&thread, NULL, test_func, NULL);
  pthread_detach(thread);
  pthread_cancel(thread);
  pthread_join(thread, NULL);
  pthread_atfork(NULL, NULL, NULL);
  pthread_exit(NULL);

  return 0;
}


Determining if the function pthread_create exists in the pthreads failed with the following output:
Change Dir: /home/corelab/ros2_stereo/build/stereo_image_proc/CMakeFiles/CMakeScratch/TryCompile-C36eEy

Run Build Command(s):/usr/bin/make -f Makefile cmTC_e64d8/fast && /usr/bin/make  -f CMakeFiles/cmTC_e64d8.dir/build.make CMakeFiles/cmTC_e64d8.dir/build
make[1]: Entering directory '/home/corelab/ros2_stereo/build/stereo_image_proc/CMakeFiles/CMakeScratch/TryCompile-C36eEy'
Building C object CMakeFiles/cmTC_e64d8.dir/CheckFunctionExists.c.o
/usr/bin/cc   -DCHECK_FUNCTION_EXISTS=pthread_create -o CMakeFiles/cmTC_e64d8.dir/CheckFunctionExists.c.o -c /home/corelab/ros2_stereo/build/stereo_image_proc/CMakeFiles/CMakeScratch/TryCompile-C36eEy/CheckFunctionExists.c
Linking C executable cmTC_e64d8
/home/corelab/.local/lib/python3.8/site-packages/cmake/data/bin/cmake -E cmake_link_script CMakeFiles/cmTC_e64d8.dir/link.txt --verbose=1
/usr/bin/cc  -DCHECK_FUNCTION_EXISTS=pthread_create CMakeFiles/cmTC_e64d8.dir/CheckFunctionExists.c.o -o cmTC_e64d8  -lpthreads 
/usr/bin/ld: cannot find -lpthreads
collect2: error: ld returned 1 exit status
make[1]: *** [CMakeFiles/cmTC_e64d8.dir/build.make:99: cmTC_e64d8] Error 1
make[1]: Leaving directory '/home/corelab/ros2_stereo/build/stereo_image_proc/CMakeFiles/CMakeScratch/TryCompile-C36eEy'
make: *** [Makefile:127: cmTC_e64d8/fast] Error 2



