Performing C SOURCE FILE Test CMAKE_HAVE_LIBC_PTHREAD failed with the following output:
Change Dir: /home/corelab/ros2_stereo/build/opencv_telemetry/CMakeFiles/CMakeScratch/TryCompile-kh7fOu

Run Build Command(s):/usr/bin/make -f Makefile cmTC_e2be1/fast && /usr/bin/make  -f CMakeFiles/cmTC_e2be1.dir/build.make CMakeFiles/cmTC_e2be1.dir/build
make[1]: Entering directory '/home/corelab/ros2_stereo/build/opencv_telemetry/CMakeFiles/CMakeScratch/TryCompile-kh7fOu'
Building C object CMakeFiles/cmTC_e2be1.dir/src.c.o
/usr/bin/cc -DCMAKE_HAVE_LIBC_PTHREAD   -o CMakeFiles/cmTC_e2be1.dir/src.c.o -c /home/corelab/ros2_stereo/build/opencv_telemetry/CMakeFiles/CMakeScratch/TryCompile-kh7fOu/src.c
Linking C executable cmTC_e2be1
/home/corelab/.local/lib/python3.8/site-packages/cmake/data/bin/cmake -E cmake_link_script CMakeFiles/cmTC_e2be1.dir/link.txt --verbose=1
/usr/bin/cc CMakeFiles/cmTC_e2be1.dir/src.c.o -o cmTC_e2be1 
/usr/bin/ld: CMakeFiles/cmTC_e2be1.dir/src.c.o: in function `main':
src.c:(.text+0x46): undefined reference to `pthread_create'
/usr/bin/ld: src.c:(.text+0x52): undefined reference to `pthread_detach'
/usr/bin/ld: src.c:(.text+0x5e): undefined reference to `pthread_cancel'
/usr/bin/ld: src.c:(.text+0x6f): undefined reference to `pthread_join'
collect2: error: ld returned 1 exit status
make[1]: *** [CMakeFiles/cmTC_e2be1.dir/build.make:99: cmTC_e2be1] Error 1
make[1]: Leaving directory '/home/corelab/ros2_stereo/build/opencv_telemetry/CMakeFiles/CMakeScratch/TryCompile-kh7fOu'
make: *** [Makefile:127: cmTC_e2be1/fast] Error 2


Source file was:
#include <pthread.h>

static void* test_func(void* data)
{
  return data;
}

int main(void)
{
  pthread_t thread;
  pthread_create(&thread, NULL, test_func, NULL);
  pthread_detach(thread);
  pthread_cancel(thread);
  pthread_join(thread, NULL);
  pthread_atfork(NULL, NULL, NULL);
  pthread_exit(NULL);

  return 0;
}


Determining if the function pthread_create exists in the pthreads failed with the following output:
Change Dir: /home/corelab/ros2_stereo/build/opencv_telemetry/CMakeFiles/CMakeScratch/TryCompile-El0Q4t

Run Build Command(s):/usr/bin/make -f Makefile cmTC_c6b3f/fast && /usr/bin/make  -f CMakeFiles/cmTC_c6b3f.dir/build.make CMakeFiles/cmTC_c6b3f.dir/build
make[1]: Entering directory '/home/corelab/ros2_stereo/build/opencv_telemetry/CMakeFiles/CMakeScratch/TryCompile-El0Q4t'
Building C object CMakeFiles/cmTC_c6b3f.dir/CheckFunctionExists.c.o
/usr/bin/cc   -DCHECK_FUNCTION_EXISTS=pthread_create -o CMakeFiles/cmTC_c6b3f.dir/CheckFunctionExists.c.o -c /home/corelab/ros2_stereo/build/opencv_telemetry/CMakeFiles/CMakeScratch/TryCompile-El0Q4t/CheckFunctionExists.c
Linking C executable cmTC_c6b3f
/home/corelab/.local/lib/python3.8/site-packages/cmake/data/bin/cmake -E cmake_link_script CMakeFiles/cmTC_c6b3f.dir/link.txt --verbose=1
/usr/bin/cc  -DCHECK_FUNCTION_EXISTS=pthread_create CMakeFiles/cmTC_c6b3f.dir/CheckFunctionExists.c.o -o cmTC_c6b3f  -lpthreads 
/usr/bin/ld: cannot find -lpthreads
collect2: error: ld returned 1 exit status
make[1]: *** [CMakeFiles/cmTC_c6b3f.dir/build.make:99: cmTC_c6b3f] Error 1
make[1]: Leaving directory '/home/corelab/ros2_stereo/build/opencv_telemetry/CMakeFiles/CMakeScratch/TryCompile-El0Q4t'
make: *** [Makefile:127: cmTC_c6b3f/fast] Error 2



